<?xml version="1.0" encoding="UTF-8"?>
<testng-results skipped="0" failed="0" ignored="7" total="11" passed="4">
  <reporter-output>
  </reporter-output>
  <suite name="Suite" duration-ms="387939" started-at="2021-10-13T11:11:33 IST" finished-at="2021-10-13T11:18:01 IST">
    <groups>
      <group name="regressionTest">
        <method signature="TCase_37.tcase_37()[pri:0, instance:textScript.TCase_37@5a4041cc]" name="tcase_37" class="textScript.TCase_37"/>
        <method signature="TCase_39.tcase_39()[pri:0, instance:textScript.TCase_39@70a9f84e]" name="tcase_39" class="textScript.TCase_39"/>
      </group> <!-- regressionTest -->
      <group name="smokeTest">
        <method signature="TCase_38.tcase_38()[pri:0, instance:textScript.TCase_38@74294adb]" name="tcase_38" class="textScript.TCase_38"/>
        <method signature="TCase_40.tcase_40()[pri:0, instance:textScript.TCase_40@130f889]" name="tcase_40" class="textScript.TCase_40"/>
      </group> <!-- smokeTest -->
    </groups>
    <test name="TestRunner1" duration-ms="102141" started-at="2021-10-13T11:11:33 IST" finished-at="2021-10-13T11:13:15 IST">
      <class name="textScript.TCase_37">
        <test-method status="PASS" signature="launchBrowser(java.lang.String)[pri:0, instance:textScript.TCase_37@5a4041cc]" name="launchBrowser" is-config="true" duration-ms="8846" started-at="2021-10-13T11:11:33 IST" finished-at="2021-10-13T11:11:42 IST">
          <params>
            <param index="0">
              <value>
                <![CDATA[chrome]]>
              </value>
            </param>
          </params>
          <reporter-output>
          </reporter-output>
        </test-method> <!-- launchBrowser -->
        <test-method status="PASS" signature="loginToApp()[pri:0, instance:textScript.TCase_37@5a4041cc]" name="loginToApp" is-config="true" duration-ms="6303" started-at="2021-10-13T11:11:42 IST" finished-at="2021-10-13T11:11:48 IST">
          <reporter-output>
          </reporter-output>
        </test-method> <!-- loginToApp -->
        <test-method status="PASS" signature="tcase_37()[pri:0, instance:textScript.TCase_37@5a4041cc]" name="tcase_37" duration-ms="84112" started-at="2021-10-13T11:11:48 IST" finished-at="2021-10-13T11:13:12 IST">
          <reporter-output>
          </reporter-output>
        </test-method> <!-- tcase_37 -->
        <test-method status="PASS" signature="logoutOfApp()[pri:0, instance:textScript.TCase_37@5a4041cc]" name="logoutOfApp" is-config="true" duration-ms="2728" started-at="2021-10-13T11:13:12 IST" finished-at="2021-10-13T11:13:15 IST">
          <reporter-output>
          </reporter-output>
        </test-method> <!-- logoutOfApp -->
        <test-method status="PASS" signature="closeBrowser()[pri:0, instance:textScript.TCase_37@5a4041cc]" name="closeBrowser" is-config="true" duration-ms="96" started-at="2021-10-13T11:13:15 IST" finished-at="2021-10-13T11:13:15 IST">
          <reporter-output>
          </reporter-output>
        </test-method> <!-- closeBrowser -->
      </class> <!-- textScript.TCase_37 -->
    </test> <!-- TestRunner1 -->
    <test name="TestRunner2" duration-ms="285747" started-at="2021-10-13T11:13:15 IST" finished-at="2021-10-13T11:18:01 IST">
      <class name="textScript.TCase_40">
        <test-method status="PASS" signature="launchBrowser(java.lang.String)[pri:0, instance:textScript.TCase_40@130f889]" name="launchBrowser" is-config="true" duration-ms="5709" started-at="2021-10-13T11:16:24 IST" finished-at="2021-10-13T11:16:30 IST">
          <params>
            <param index="0">
              <value>
                <![CDATA[chrome]]>
              </value>
            </param>
          </params>
          <reporter-output>
          </reporter-output>
        </test-method> <!-- launchBrowser -->
        <test-method status="PASS" signature="loginToApp()[pri:0, instance:textScript.TCase_40@130f889]" name="loginToApp" is-config="true" duration-ms="5089" started-at="2021-10-13T11:16:30 IST" finished-at="2021-10-13T11:16:35 IST">
          <reporter-output>
          </reporter-output>
        </test-method> <!-- loginToApp -->
        <test-method status="PASS" signature="tcase_40()[pri:0, instance:textScript.TCase_40@130f889]" name="tcase_40" duration-ms="82500" started-at="2021-10-13T11:16:35 IST" finished-at="2021-10-13T11:17:57 IST">
          <reporter-output>
          </reporter-output>
        </test-method> <!-- tcase_40 -->
        <test-method status="PASS" signature="logoutOfApp()[pri:0, instance:textScript.TCase_40@130f889]" name="logoutOfApp" is-config="true" duration-ms="3339" started-at="2021-10-13T11:17:57 IST" finished-at="2021-10-13T11:18:01 IST">
          <reporter-output>
          </reporter-output>
        </test-method> <!-- logoutOfApp -->
        <test-method status="PASS" signature="closeBrowser()[pri:0, instance:textScript.TCase_40@130f889]" name="closeBrowser" is-config="true" duration-ms="115" started-at="2021-10-13T11:18:01 IST" finished-at="2021-10-13T11:18:01 IST">
          <reporter-output>
          </reporter-output>
        </test-method> <!-- closeBrowser -->
      </class> <!-- textScript.TCase_40 -->
      <class name="textScript.TCase_38">
        <test-method status="PASS" signature="connectDB()[pri:0, instance:textScript.TCase_38@74294adb]" name="connectDB" is-config="true" duration-ms="15" started-at="2021-10-13T11:11:33 IST" finished-at="2021-10-13T11:11:33 IST">
          <reporter-output>
          </reporter-output>
        </test-method> <!-- connectDB -->
        <test-method status="PASS" signature="launchBrowser(java.lang.String)[pri:0, instance:textScript.TCase_38@74294adb]" name="launchBrowser" is-config="true" duration-ms="5865" started-at="2021-10-13T11:13:15 IST" finished-at="2021-10-13T11:13:21 IST">
          <params>
            <param index="0">
              <value>
                <![CDATA[chrome]]>
              </value>
            </param>
          </params>
          <reporter-output>
          </reporter-output>
        </test-method> <!-- launchBrowser -->
        <test-method status="PASS" signature="loginToApp()[pri:0, instance:textScript.TCase_38@74294adb]" name="loginToApp" is-config="true" duration-ms="4215" started-at="2021-10-13T11:13:21 IST" finished-at="2021-10-13T11:13:25 IST">
          <reporter-output>
          </reporter-output>
        </test-method> <!-- loginToApp -->
        <test-method status="PASS" signature="tcase_38()[pri:0, instance:textScript.TCase_38@74294adb]" name="tcase_38" duration-ms="80578" started-at="2021-10-13T11:13:25 IST" finished-at="2021-10-13T11:14:46 IST">
          <reporter-output>
          </reporter-output>
        </test-method> <!-- tcase_38 -->
        <test-method status="PASS" signature="logoutOfApp()[pri:0, instance:textScript.TCase_38@74294adb]" name="logoutOfApp" is-config="true" duration-ms="2509" started-at="2021-10-13T11:14:46 IST" finished-at="2021-10-13T11:14:48 IST">
          <reporter-output>
          </reporter-output>
        </test-method> <!-- logoutOfApp -->
        <test-method status="PASS" signature="closeBrowser()[pri:0, instance:textScript.TCase_38@74294adb]" name="closeBrowser" is-config="true" duration-ms="157" started-at="2021-10-13T11:14:48 IST" finished-at="2021-10-13T11:14:48 IST">
          <reporter-output>
          </reporter-output>
        </test-method> <!-- closeBrowser -->
        <test-method status="PASS" signature="closeDB()[pri:0, instance:textScript.TCase_38@74294adb]" name="closeDB" is-config="true" duration-ms="1" started-at="2021-10-13T11:18:01 IST" finished-at="2021-10-13T11:18:01 IST">
          <reporter-output>
          </reporter-output>
        </test-method> <!-- closeDB -->
      </class> <!-- textScript.TCase_38 -->
      <class name="textScript.TCase_39">
        <test-method status="PASS" signature="launchBrowser(java.lang.String)[pri:0, instance:textScript.TCase_39@70a9f84e]" name="launchBrowser" is-config="true" duration-ms="6127" started-at="2021-10-13T11:14:48 IST" finished-at="2021-10-13T11:14:54 IST">
          <params>
            <param index="0">
              <value>
                <![CDATA[chrome]]>
              </value>
            </param>
          </params>
          <reporter-output>
          </reporter-output>
        </test-method> <!-- launchBrowser -->
        <test-method status="PASS" signature="loginToApp()[pri:0, instance:textScript.TCase_39@70a9f84e]" name="loginToApp" is-config="true" duration-ms="4931" started-at="2021-10-13T11:14:54 IST" finished-at="2021-10-13T11:14:59 IST">
          <reporter-output>
          </reporter-output>
        </test-method> <!-- loginToApp -->
        <test-method status="PASS" signature="tcase_39()[pri:0, instance:textScript.TCase_39@70a9f84e]" name="tcase_39" duration-ms="81934" started-at="2021-10-13T11:14:59 IST" finished-at="2021-10-13T11:16:21 IST">
          <reporter-output>
          </reporter-output>
        </test-method> <!-- tcase_39 -->
        <test-method status="PASS" signature="logoutOfApp()[pri:0, instance:textScript.TCase_39@70a9f84e]" name="logoutOfApp" is-config="true" duration-ms="2588" started-at="2021-10-13T11:16:21 IST" finished-at="2021-10-13T11:16:24 IST">
          <reporter-output>
          </reporter-output>
        </test-method> <!-- logoutOfApp -->
        <test-method status="PASS" signature="closeBrowser()[pri:0, instance:textScript.TCase_39@70a9f84e]" name="closeBrowser" is-config="true" duration-ms="71" started-at="2021-10-13T11:16:24 IST" finished-at="2021-10-13T11:16:24 IST">
          <reporter-output>
          </reporter-output>
        </test-method> <!-- closeBrowser -->
      </class> <!-- textScript.TCase_39 -->
    </test> <!-- TestRunner2 -->
  </suite> <!-- Suite -->
</testng-results>
