<?xml version="1.0" encoding="UTF-8"?>
<!-- Generated by org.testng.reporters.JUnitXMLReporter -->
<testsuite hostname="DESKTOP-D1233BU" ignored="4" name="TestRunner2" tests="3" failures="0" timestamp="2021-10-13T11:18:01 IST" time="285.747" errors="0">
  <testcase name="tcase_38" time="80.578" classname="textScript.TCase_38"/>
  <testcase name="tcase_39" time="81.934" classname="textScript.TCase_39"/>
  <testcase name="tcase_40" time="82.5" classname="textScript.TCase_40"/>
  <testcase name="@AfterSuite closeDB" time="0.0" classname="com.crm.vtiger.genericUtils.BaseClass">
    <ignored/>
  </testcase> <!-- @AfterSuite closeDB -->
  <testcase name="@AfterSuite closeDB" time="0.0" classname="com.crm.vtiger.genericUtils.BaseClass">
    <ignored/>
  </testcase> <!-- @AfterSuite closeDB -->
  <testcase name="@BeforeSuite connectDB" time="0.0" classname="com.crm.vtiger.genericUtils.BaseClass">
    <ignored/>
  </testcase> <!-- @BeforeSuite connectDB -->
  <testcase name="@BeforeSuite connectDB" time="0.0" classname="com.crm.vtiger.genericUtils.BaseClass">
    <ignored/>
  </testcase> <!-- @BeforeSuite connectDB -->
</testsuite> <!-- TestRunner2 -->
