<?xml version="1.0" encoding="UTF-8"?>
<!-- Generated by org.testng.reporters.JUnitXMLReporter -->
<testsuite hostname="DESKTOP-D1233BU" ignored="8" name="Test" tests="5" failures="0" timestamp="2021-10-09T17:06:11 IST" time="328.825" errors="0">
  <testcase name="tcase_36" time="45.063" classname="textScript.TCase_36"/>
  <testcase name="tcase_37" time="68.285" classname="textScript.TCase_37"/>
  <testcase name="tcase_40" time="63.087" classname="textScript.TCase_40"/>
  <testcase name="tcase_38" time="63.75" classname="textScript.TCase_38"/>
  <testcase name="tcase_39" time="63.325" classname="textScript.TCase_39"/>
  <testcase name="@AfterSuite closeDB" time="0.0" classname="com.crm.vtiger.genericUtils.BaseClass">
    <ignored/>
  </testcase> <!-- @AfterSuite closeDB -->
  <testcase name="@AfterSuite closeDB" time="0.0" classname="com.crm.vtiger.genericUtils.BaseClass">
    <ignored/>
  </testcase> <!-- @AfterSuite closeDB -->
  <testcase name="@AfterSuite closeDB" time="0.0" classname="com.crm.vtiger.genericUtils.BaseClass">
    <ignored/>
  </testcase> <!-- @AfterSuite closeDB -->
  <testcase name="@AfterSuite closeDB" time="0.0" classname="com.crm.vtiger.genericUtils.BaseClass">
    <ignored/>
  </testcase> <!-- @AfterSuite closeDB -->
  <testcase name="@BeforeSuite connectDB" time="0.0" classname="com.crm.vtiger.genericUtils.BaseClass">
    <ignored/>
  </testcase> <!-- @BeforeSuite connectDB -->
  <testcase name="@BeforeSuite connectDB" time="0.0" classname="com.crm.vtiger.genericUtils.BaseClass">
    <ignored/>
  </testcase> <!-- @BeforeSuite connectDB -->
  <testcase name="@BeforeSuite connectDB" time="0.0" classname="com.crm.vtiger.genericUtils.BaseClass">
    <ignored/>
  </testcase> <!-- @BeforeSuite connectDB -->
  <testcase name="@BeforeSuite connectDB" time="0.0" classname="com.crm.vtiger.genericUtils.BaseClass">
    <ignored/>
  </testcase> <!-- @BeforeSuite connectDB -->
</testsuite> <!-- Test -->
