<?xml version="1.0" encoding="UTF-8"?>
<!-- Generated by org.testng.reporters.JUnitXMLReporter -->
<testsuite hostname="DESKTOP-D1233BU" ignored="3" name="TestRunner1" tests="1" failures="0" timestamp="2021-10-13T11:13:15 IST" time="102.141" errors="0">
  <testcase name="tcase_37" time="84.112" classname="textScript.TCase_37"/>
  <testcase name="@AfterSuite closeDB" time="0.0" classname="com.crm.vtiger.genericUtils.BaseClass">
    <ignored/>
  </testcase> <!-- @AfterSuite closeDB -->
  <testcase name="@BeforeSuite connectDB" time="0.0" classname="com.crm.vtiger.genericUtils.BaseClass">
    <ignored/>
  </testcase> <!-- @BeforeSuite connectDB -->
  <testcase name="tcase_36" time="0.0" classname="textScript.TCase_36">
    <ignored/>
  </testcase> <!-- tcase_36 -->
</testsuite> <!-- TestRunner1 -->
