<?xml version="1.0" encoding="UTF-8"?>
<!-- Generated by org.testng.reporters.JUnitXMLReporter -->
<testsuite hostname="DESKTOP-D1233BU" ignored="2" name="TestRunner-Chrome" tests="2" failures="0" timestamp="2021-10-08T18:28:17 IST" time="126.848" errors="0">
  <testcase name="tcase_36" time="46.501" classname="textScript.TCase_36"/>
  <testcase name="tCase_37" time="68.869" classname="textScript.TCase_37"/>
  <testcase name="@AfterSuite closeDB" time="0.0" classname="com.crm.vtiger.genericUtils.BaseClass">
    <ignored/>
  </testcase> <!-- @AfterSuite closeDB -->
  <testcase name="@BeforeSuite connectDB" time="0.0" classname="com.crm.vtiger.genericUtils.BaseClass">
    <ignored/>
  </testcase> <!-- @BeforeSuite connectDB -->
</testsuite> <!-- TestRunner-Chrome -->
